Build started 8/27/2014 10:32:23 PM.
     1>Project "E:\user\VINH\document\khac\My Libary\Polynomial\Polynomial\Polynomial.vcxproj" on node 2 (build target(s)).
     1>PrepareForBuild:
         Creating directory "E:\user\VINH\document\khac\My Libary\Polynomial\Release\".
       InitializeBuildStatus:
         Creating "Release\Polynomial.unsuccessfulbuild" because "AlwaysCreate" was specified.
       ClCompile:
         D:\user\truong\Program Files\Microsoft Visual C++ 2010 Express\VC\bin\CL.exe /c /Zi /nologo /W3 /WX- /O2 /Oi /Oy- /GL /D _MBCS /Gm- /EHsc /MD /GS /Gy /fp:precise /Zc:wchar_t /Zc:forScope /Fo"Release\\" /Fd"Release\vc100.pdb" /Gd /TP /analyze- /errorReport:prompt main.cpp
         main.cpp
       Link:
         D:\user\truong\Program Files\Microsoft Visual C++ 2010 Express\VC\bin\link.exe /ERRORREPORT:PROMPT /OUT:"E:\user\VINH\document\khac\My Libary\Polynomial\Release\Polynomial.exe" /NOLOGO kernel32.lib user32.lib gdi32.lib winspool.lib comdlg32.lib advapi32.lib shell32.lib ole32.lib oleaut32.lib uuid.lib odbc32.lib odbccp32.lib /MANIFEST /ManifestFile:"Release\Polynomial.exe.intermediate.manifest" /MANIFESTUAC:"level='asInvoker' uiAccess='false'" /DEBUG /PDB:"E:\user\VINH\document\khac\My Libary\Polynomial\Release\Polynomial.pdb" /OPT:REF /OPT:ICF /LTCG /TLBID:1 /DYNAMICBASE /NXCOMPAT /IMPLIB:"E:\user\VINH\document\khac\My Libary\Polynomial\Release\Polynomial.lib" /MACHINE:X86 Release\main.obj
         Generating code
         Finished generating code
         Polynomial.vcxproj -> E:\user\VINH\document\khac\My Libary\Polynomial\Release\Polynomial.exe
       Manifest:
         C:\Program Files\Microsoft SDKs\Windows\v7.0A\bin\mt.exe /nologo /verbose /outputresource:"E:\user\VINH\document\khac\My Libary\Polynomial\Release\Polynomial.exe;#1" /manifest Release\Polynomial.exe.intermediate.manifest
       FinalizeBuildStatus:
         Deleting file "Release\Polynomial.unsuccessfulbuild".
         Touching "Release\Polynomial.lastbuildstate".
     1>Done Building Project "E:\user\VINH\document\khac\My Libary\Polynomial\Polynomial\Polynomial.vcxproj" (build target(s)).

Build succeeded.

Time Elapsed 00:00:08.31
